[debug] [2025-05-15T12:16:37.985Z] ----------------------------------------------------------------------
[debug] [2025-05-15T12:16:37.989Z] Command:       C:\Program Files\nodejs\node.exe C:\Users\GB-AMD-006\AppData\Roaming\npm\node_modules\firebase-tools\lib\bin\firebase.js deploy
[debug] [2025-05-15T12:16:37.989Z] CLI Version:   14.2.2
[debug] [2025-05-15T12:16:37.989Z] Platform:      win32
[debug] [2025-05-15T12:16:37.989Z] Node Version:  v22.15.0
[debug] [2025-05-15T12:16:37.990Z] Time:          Thu May 15 2025 21:16:37 GMT+0900 (대한민국 표준시)
[debug] [2025-05-15T12:16:37.990Z] ----------------------------------------------------------------------
[debug] 
[debug] [2025-05-15T12:16:38.170Z] > command requires scopes: ["email","openid","https://www.googleapis.com/auth/cloudplatformprojects.readonly","https://www.googleapis.com/auth/firebase","https://www.googleapis.com/auth/cloud-platform"]
[debug] [2025-05-15T12:16:38.170Z] > authorizing via signed-in user (mindfree4u2@gmail.com)
[debug] [2025-05-15T12:16:38.170Z] [iam] checking project drum-playground for permissions ["cloudfunctions.functions.create","cloudfunctions.functions.delete","cloudfunctions.functions.get","cloudfunctions.functions.list","cloudfunctions.functions.update","cloudfunctions.operations.get","datastore.indexes.create","datastore.indexes.delete","datastore.indexes.list","datastore.indexes.update","firebase.projects.get","firebasehosting.sites.update","firebaserules.releases.create","firebaserules.releases.update","firebaserules.rulesets.create"]
[debug] [2025-05-15T12:16:38.172Z] Checked if tokens are valid: false, expires at: 1747307599935
[debug] [2025-05-15T12:16:38.172Z] Checked if tokens are valid: false, expires at: 1747307599935
[debug] [2025-05-15T12:16:38.172Z] > refreshing access token with scopes: []
[debug] [2025-05-15T12:16:38.174Z] >>> [apiv2][query] POST https://www.googleapis.com/oauth2/v3/token [none]
[debug] [2025-05-15T12:16:38.174Z] >>> [apiv2][body] POST https://www.googleapis.com/oauth2/v3/token [omitted]
[debug] [2025-05-15T12:16:38.449Z] <<< [apiv2][status] POST https://www.googleapis.com/oauth2/v3/token 200
[debug] [2025-05-15T12:16:38.449Z] <<< [apiv2][body] POST https://www.googleapis.com/oauth2/v3/token [omitted]
[debug] [2025-05-15T12:16:38.461Z] >>> [apiv2][query] POST https://cloudresourcemanager.googleapis.com/v1/projects/drum-playground:testIamPermissions [none]
[debug] [2025-05-15T12:16:38.461Z] >>> [apiv2][(partial)header] POST https://cloudresourcemanager.googleapis.com/v1/projects/drum-playground:testIamPermissions x-goog-quota-user=projects/drum-playground
[debug] [2025-05-15T12:16:38.461Z] >>> [apiv2][body] POST https://cloudresourcemanager.googleapis.com/v1/projects/drum-playground:testIamPermissions {"permissions":["cloudfunctions.functions.create","cloudfunctions.functions.delete","cloudfunctions.functions.get","cloudfunctions.functions.list","cloudfunctions.functions.update","cloudfunctions.operations.get","datastore.indexes.create","datastore.indexes.delete","datastore.indexes.list","datastore.indexes.update","firebase.projects.get","firebasehosting.sites.update","firebaserules.releases.create","firebaserules.releases.update","firebaserules.rulesets.create"]}
