[debug] [2025-05-03T03:43:08.391Z] ----------------------------------------------------------------------
[debug] [2025-05-03T03:43:08.394Z] Command:       C:\Program Files\nodejs\node.exe C:\Users\GB-AMD-006\AppData\Roaming\npm\node_modules\firebase-tools\lib\bin\firebase.js functions:shell
[debug] [2025-05-03T03:43:08.394Z] CLI Version:   14.2.2
[debug] [2025-05-03T03:43:08.394Z] Platform:      win32
[debug] [2025-05-03T03:43:08.394Z] Node Version:  v22.15.0
[debug] [2025-05-03T03:43:08.395Z] Time:          Sat May 03 2025 12:43:08 GMT+0900 (대한민국 표준시)
[debug] [2025-05-03T03:43:08.395Z] ----------------------------------------------------------------------
[debug] 
[debug] [2025-05-03T03:43:08.576Z] > command requires scopes: ["email","openid","https://www.googleapis.com/auth/cloudplatformprojects.readonly","https://www.googleapis.com/auth/firebase","https://www.googleapis.com/auth/cloud-platform"]
[debug] [2025-05-03T03:43:08.576Z] > authorizing via signed-in user (mindfree4u2@gmail.com)
[debug] [2025-05-03T03:43:08.576Z] [iam] checking project drum-playground for permissions ["firebase.projects.get"]
[debug] [2025-05-03T03:43:08.577Z] Checked if tokens are valid: false, expires at: 1746234972414
[debug] [2025-05-03T03:43:08.578Z] Checked if tokens are valid: false, expires at: 1746234972414
[debug] [2025-05-03T03:43:08.578Z] > refreshing access token with scopes: []
[debug] [2025-05-03T03:43:08.579Z] >>> [apiv2][query] POST https://www.googleapis.com/oauth2/v3/token [none]
[debug] [2025-05-03T03:43:08.579Z] >>> [apiv2][body] POST https://www.googleapis.com/oauth2/v3/token [omitted]
[debug] [2025-05-03T03:43:08.881Z] <<< [apiv2][status] POST https://www.googleapis.com/oauth2/v3/token 200
[debug] [2025-05-03T03:43:08.881Z] <<< [apiv2][body] POST https://www.googleapis.com/oauth2/v3/token [omitted]
[debug] [2025-05-03T03:43:08.892Z] >>> [apiv2][query] POST https://cloudresourcemanager.googleapis.com/v1/projects/drum-playground:testIamPermissions [none]
[debug] [2025-05-03T03:43:08.892Z] >>> [apiv2][(partial)header] POST https://cloudresourcemanager.googleapis.com/v1/projects/drum-playground:testIamPermissions x-goog-quota-user=projects/drum-playground
[debug] [2025-05-03T03:43:08.892Z] >>> [apiv2][body] POST https://cloudresourcemanager.googleapis.com/v1/projects/drum-playground:testIamPermissions {"permissions":["firebase.projects.get"]}
